14:30:47 **** Incremental Build of configuration Debug for project TestProject ****
make -j12 all 
arm-none-eabi-gcc "../Core/Src/main.c" -mcpu=cortex-m4 -std=gnu11 -g3 -DDEBUG -DUSE_HAL_DRIVER -DSTM32F407xx -c -I../USB_HOST/App -I../USB_HOST/Target -I../Core/Inc -I../Drivers/STM32F4xx_HAL_Driver/Inc -I../Drivers/STM32F4xx_HAL_Driver/Inc/Legacy -I../Middlewares/ST/STM32_USB_Host_Library/Core/Inc -I../Middlewares/ST/STM32_USB_Host_Library/Class/CDC/Inc -I../Drivers/CMSIS/Device/ST/STM32F4xx/Include -I../Drivers/CMSIS/Include -I../Middlewares/Third_Party/FreeRTOS/Source/include -I../Middlewares/Third_Party/FreeRTOS/Source/portable/GCC/ARM_CM4F -I../Middlewares/Third_Party/FreeRTOS/Source/CMSIS_RTOS_V2 -O0 -ffunction-sections -fdata-sections -Wall -fstack-usage -fcyclomatic-complexity -MMD -MP -MF"Core/Src/main.d" -MT"Core/Src/main.o" --specs=nano.specs -mfpu=fpv4-sp-d16 -mfloat-abi=hard -mthumb -o "Core/Src/main.o"
../Core/Src/main.c: In function 'StartProducer':
../Core/Src/main.c:590:45: warning: passing argument 2 of 'HAL_RNG_GenerateRandomNumber' from incompatible pointer type [-Wincompatible-pointer-types]
  590 |         HAL_RNG_GenerateRandomNumber(&hrng, &randInt);
      |                                             ^~~~~~~~
      |                                             |
      |                                             uint16_t * {aka short unsigned int *}
In file included from ../Core/Inc/stm32f4xx_hal_conf.h:387,
                 from ../Drivers/STM32F4xx_HAL_Driver/Inc/stm32f4xx_hal.h:29,
                 from ../Core/Inc/main.h:30,
                 from ../Core/Src/main.c:20:
../Drivers/STM32F4xx_HAL_Driver/Inc/stm32f4xx_hal_rng.h:305:83: note: expected 'uint32_t *' {aka 'long unsigned int *'} but argument is of type 'uint16_t *' {aka 'short unsigned int *'}
  305 | HAL_StatusTypeDef HAL_RNG_GenerateRandomNumber(RNG_HandleTypeDef *hrng, uint32_t *random32bit);
      |                                                                         ~~~~~~~~~~^~~~~~~~~~~
../Core/Src/main.c: In function 'StartConsumer':
../Core/Src/main.c:628:37: warning: format '%ld' expects argument of type 'long int', but argument 3 has type 'int' [-Wformat=]
  628 |                 sprintf(buffer2, "%ld", mittelwert);
      |                                   ~~^   ~~~~~~~~~~
      |                                     |   |
      |                                     |   int
      |                                     long int
      |                                   %d
arm-none-eabi-gcc -o "TestProject.elf" @"objects.list" D:/daten/Informatik/repos/fah5625/Semester3/INTP/TestProject/Core/Src/display_simple.o  -mcpu=cortex-m4 -T"D:\daten\Informatik\repos\fah5625\Semester3\INTP\TestProject\STM32F407VGTX_FLASH.ld" --specs=nosys.specs -Wl,-Map="TestProject.map" -Wl,--gc-sections -static --specs=nano.specs -mfpu=fpv4-sp-d16 -mfloat-abi=hard -mthumb -u _printf_float -Wl,--start-group -lc -lm -Wl,--end-group
Finished building target: TestProject.elf
 
arm-none-eabi-size  TestProject.elf 
arm-none-eabi-objdump -h -S TestProject.elf  > "TestProject.list"
   text	   data	    bss	    dec	    hex	filename
  68808	  10748	  24644	 104200	  19708	TestProject.elf
Finished building: default.size.stdout
 
Finished building: TestProject.list
 
14:30:53 **** Incremental Build of configuration Debug for project TestProject ****
make -j12 all 
arm-none-eabi-size  TestProject.elf 
   text	   data	    bss	    dec	    hex	filename
  68808	  10748	  24644	 104200	  19708	TestProject.elf
Finished building: default.size.stdout
 
14:32:49 **** Incremental Build of configuration Debug for project TestProject ****
make -j12 all 
arm-none-eabi-gcc "../Core/Src/main.c" -mcpu=cortex-m4 -std=gnu11 -g3 -DDEBUG -DUSE_HAL_DRIVER -DSTM32F407xx -c -I../USB_HOST/App -I../USB_HOST/Target -I../Core/Inc -I../Drivers/STM32F4xx_HAL_Driver/Inc -I../Drivers/STM32F4xx_HAL_Driver/Inc/Legacy -I../Middlewares/ST/STM32_USB_Host_Library/Core/Inc -I../Middlewares/ST/STM32_USB_Host_Library/Class/CDC/Inc -I../Drivers/CMSIS/Device/ST/STM32F4xx/Include -I../Drivers/CMSIS/Include -I../Middlewares/Third_Party/FreeRTOS/Source/include -I../Middlewares/Third_Party/FreeRTOS/Source/portable/GCC/ARM_CM4F -I../Middlewares/Third_Party/FreeRTOS/Source/CMSIS_RTOS_V2 -O0 -ffunction-sections -fdata-sections -Wall -fstack-usage -fcyclomatic-complexity -MMD -MP -MF"Core/Src/main.d" -MT"Core/Src/main.o" --specs=nano.specs -mfpu=fpv4-sp-d16 -mfloat-abi=hard -mthumb -o "Core/Src/main.o"
../Core/Src/main.c: In function 'StartProducer':
../Core/Src/main.c:590:45: warning: passing argument 2 of 'HAL_RNG_GenerateRandomNumber' from incompatible pointer type [-Wincompatible-pointer-types]
  590 |         HAL_RNG_GenerateRandomNumber(&hrng, &randInt);
      |                                             ^~~~~~~~
      |                                             |
      |                                             uint16_t * {aka short unsigned int *}
In file included from ../Core/Inc/stm32f4xx_hal_conf.h:387,
                 from ../Drivers/STM32F4xx_HAL_Driver/Inc/stm32f4xx_hal.h:29,
                 from ../Core/Inc/main.h:30,
                 from ../Core/Src/main.c:20:
../Drivers/STM32F4xx_HAL_Driver/Inc/stm32f4xx_hal_rng.h:305:83: note: expected 'uint32_t *' {aka 'long unsigned int *'} but argument is of type 'uint16_t *' {aka 'short unsigned int *'}
  305 | HAL_StatusTypeDef HAL_RNG_GenerateRandomNumber(RNG_HandleTypeDef *hrng, uint32_t *random32bit);
      |                                                                         ~~~~~~~~~~^~~~~~~~~~~
../Core/Src/main.c: In function 'StartConsumer':
../Core/Src/main.c:625:25: error: 'buffer2' undeclared (first use in this function); did you mean 'buffer'?
  625 |                 sprintf(buffer2,"%ld", number);
      |                         ^~~~~~~
      |                         buffer
../Core/Src/main.c:625:25: note: each undeclared identifier is reported only once for each function it appears in
../Core/Src/main.c:632:49: warning: format '%ld' expects argument of type 'long int', but argument 3 has type 'int' [-Wformat=]
  632 |                 sprintf(buffer2, "Mittelwert: %ld", mittelwert);
      |                                               ~~^   ~~~~~~~~~~
      |                                                 |   |
      |                                                 |   int
      |                                                 long int
      |                                               %d
make: *** [Core/Src/subdir.mk:43: Core/Src/main.o] Error 1
"make -j12 all" terminated with exit code 2. Build might be incomplete.
14:33:16 **** Incremental Build of configuration Debug for project TestProject ****
make -j12 all 
arm-none-eabi-gcc "../Core/Src/main.c" -mcpu=cortex-m4 -std=gnu11 -g3 -DDEBUG -DUSE_HAL_DRIVER -DSTM32F407xx -c -I../USB_HOST/App -I../USB_HOST/Target -I../Core/Inc -I../Drivers/STM32F4xx_HAL_Driver/Inc -I../Drivers/STM32F4xx_HAL_Driver/Inc/Legacy -I../Middlewares/ST/STM32_USB_Host_Library/Core/Inc -I../Middlewares/ST/STM32_USB_Host_Library/Class/CDC/Inc -I../Drivers/CMSIS/Device/ST/STM32F4xx/Include -I../Drivers/CMSIS/Include -I../Middlewares/Third_Party/FreeRTOS/Source/include -I../Middlewares/Third_Party/FreeRTOS/Source/portable/GCC/ARM_CM4F -I../Middlewares/Third_Party/FreeRTOS/Source/CMSIS_RTOS_V2 -O0 -ffunction-sections -fdata-sections -Wall -fstack-usage -fcyclomatic-complexity -MMD -MP -MF"Core/Src/main.d" -MT"Core/Src/main.o" --specs=nano.specs -mfpu=fpv4-sp-d16 -mfloat-abi=hard -mthumb -o "Core/Src/main.o"
../Core/Src/main.c: In function 'StartProducer':
../Core/Src/main.c:590:45: warning: passing argument 2 of 'HAL_RNG_GenerateRandomNumber' from incompatible pointer type [-Wincompatible-pointer-types]
  590 |         HAL_RNG_GenerateRandomNumber(&hrng, &randInt);
      |                                             ^~~~~~~~
      |                                             |
      |                                             uint16_t * {aka short unsigned int *}
In file included from ../Core/Inc/stm32f4xx_hal_conf.h:387,
                 from ../Drivers/STM32F4xx_HAL_Driver/Inc/stm32f4xx_hal.h:29,
                 from ../Core/Inc/main.h:30,
                 from ../Core/Src/main.c:20:
../Drivers/STM32F4xx_HAL_Driver/Inc/stm32f4xx_hal_rng.h:305:83: note: expected 'uint32_t *' {aka 'long unsigned int *'} but argument is of type 'uint16_t *' {aka 'short unsigned int *'}
  305 | HAL_StatusTypeDef HAL_RNG_GenerateRandomNumber(RNG_HandleTypeDef *hrng, uint32_t *random32bit);
      |                                                                         ~~~~~~~~~~^~~~~~~~~~~
../Core/Src/main.c: In function 'StartConsumer':
../Core/Src/main.c:625:35: warning: format '%ld' expects argument of type 'long int', but argument 3 has type 'int' [-Wformat=]
  625 |                 sprintf(buffer,"%ld", number);
      |                                 ~~^   ~~~~~~
      |                                   |   |
      |                                   |   int
      |                                   long int
      |                                 %d
../Core/Src/main.c:632:49: warning: format '%ld' expects argument of type 'long int', but argument 3 has type 'int' [-Wformat=]
  632 |                 sprintf(buffer2, "Mittelwert: %ld", mittelwert);
      |                                               ~~^   ~~~~~~~~~~
      |                                                 |   |
      |                                                 |   int
      |                                                 long int
      |                                               %d
arm-none-eabi-gcc -o "TestProject.elf" @"objects.list" D:/daten/Informatik/repos/fah5625/Semester3/INTP/TestProject/Core/Src/display_simple.o  -mcpu=cortex-m4 -T"D:\daten\Informatik\repos\fah5625\Semester3\INTP\TestProject\STM32F407VGTX_FLASH.ld" --specs=nosys.specs -Wl,-Map="TestProject.map" -Wl,--gc-sections -static --specs=nano.specs -mfpu=fpv4-sp-d16 -mfloat-abi=hard -mthumb -u _printf_float -Wl,--start-group -lc -lm -Wl,--end-group
Finished building target: TestProject.elf
 
arm-none-eabi-size  TestProject.elf 
arm-none-eabi-objdump -h -S TestProject.elf  > "TestProject.list"
   text	   data	    bss	    dec	    hex	filename
  68872	  10748	  24644	 104264	  19748	TestProject.elf
Finished building: default.size.stdout
 
Finished building: TestProject.list
 
14:35:36 **** Incremental Build of configuration Debug for project TestProject ****
make -j12 all 
arm-none-eabi-gcc "../Core/Src/main.c" -mcpu=cortex-m4 -std=gnu11 -g3 -DDEBUG -DUSE_HAL_DRIVER -DSTM32F407xx -c -I../USB_HOST/App -I../USB_HOST/Target -I../Core/Inc -I../Drivers/STM32F4xx_HAL_Driver/Inc -I../Drivers/STM32F4xx_HAL_Driver/Inc/Legacy -I../Middlewares/ST/STM32_USB_Host_Library/Core/Inc -I../Middlewares/ST/STM32_USB_Host_Library/Class/CDC/Inc -I../Drivers/CMSIS/Device/ST/STM32F4xx/Include -I../Drivers/CMSIS/Include -I../Middlewares/Third_Party/FreeRTOS/Source/include -I../Middlewares/Third_Party/FreeRTOS/Source/portable/GCC/ARM_CM4F -I../Middlewares/Third_Party/FreeRTOS/Source/CMSIS_RTOS_V2 -O0 -ffunction-sections -fdata-sections -Wall -fstack-usage -fcyclomatic-complexity -MMD -MP -MF"Core/Src/main.d" -MT"Core/Src/main.o" --specs=nano.specs -mfpu=fpv4-sp-d16 -mfloat-abi=hard -mthumb -o "Core/Src/main.o"
../Core/Src/main.c: In function 'StartProducer':
../Core/Src/main.c:590:45: warning: passing argument 2 of 'HAL_RNG_GenerateRandomNumber' from incompatible pointer type [-Wincompatible-pointer-types]
  590 |         HAL_RNG_GenerateRandomNumber(&hrng, &randInt);
      |                                             ^~~~~~~~
      |                                             |
      |                                             uint16_t * {aka short unsigned int *}
In file included from ../Core/Inc/stm32f4xx_hal_conf.h:387,
                 from ../Drivers/STM32F4xx_HAL_Driver/Inc/stm32f4xx_hal.h:29,
                 from ../Core/Inc/main.h:30,
                 from ../Core/Src/main.c:20:
../Drivers/STM32F4xx_HAL_Driver/Inc/stm32f4xx_hal_rng.h:305:83: note: expected 'uint32_t *' {aka 'long unsigned int *'} but argument is of type 'uint16_t *' {aka 'short unsigned int *'}
  305 | HAL_StatusTypeDef HAL_RNG_GenerateRandomNumber(RNG_HandleTypeDef *hrng, uint32_t *random32bit);
      |                                                                         ~~~~~~~~~~^~~~~~~~~~~
../Core/Src/main.c:595:52: error: 'result' undeclared (first use in this function)
  595 |                 osMessageQueueGet(rueckwegHandle, &result, 0, osWaitForever);
      |                                                    ^~~~~~
../Core/Src/main.c:595:52: note: each undeclared identifier is reported only once for each function it appears in
../Core/Src/main.c: In function 'StartConsumer':
../Core/Src/main.c:624:35: warning: format '%ld' expects argument of type 'long int', but argument 3 has type 'int' [-Wformat=]
  624 |                 sprintf(buffer,"%ld", number);
      |                                 ~~^   ~~~~~~
      |                                   |   |
      |                                   |   int
      |                                   long int
      |                                 %d
../Core/Src/main.c:631:49: warning: format '%ld' expects argument of type 'long int', but argument 3 has type 'int' [-Wformat=]
  631 |                 sprintf(buffer2, "Mittelwert: %ld", mittelwert);
      |                                               ~~^   ~~~~~~~~~~
      |                                                 |   |
      |                                                 |   int
      |                                                 long int
      |                                               %d
make: *** [Core/Src/subdir.mk:43: Core/Src/main.o] Error 1
"make -j12 all" terminated with exit code 2. Build might be incomplete.
14:36:16 **** Incremental Build of configuration Debug for project TestProject ****
make -j12 all 
arm-none-eabi-gcc "../Core/Src/main.c" -mcpu=cortex-m4 -std=gnu11 -g3 -DDEBUG -DUSE_HAL_DRIVER -DSTM32F407xx -c -I../USB_HOST/App -I../USB_HOST/Target -I../Core/Inc -I../Drivers/STM32F4xx_HAL_Driver/Inc -I../Drivers/STM32F4xx_HAL_Driver/Inc/Legacy -I../Middlewares/ST/STM32_USB_Host_Library/Core/Inc -I../Middlewares/ST/STM32_USB_Host_Library/Class/CDC/Inc -I../Drivers/CMSIS/Device/ST/STM32F4xx/Include -I../Drivers/CMSIS/Include -I../Middlewares/Third_Party/FreeRTOS/Source/include -I../Middlewares/Third_Party/FreeRTOS/Source/portable/GCC/ARM_CM4F -I../Middlewares/Third_Party/FreeRTOS/Source/CMSIS_RTOS_V2 -O0 -ffunction-sections -fdata-sections -Wall -fstack-usage -fcyclomatic-complexity -MMD -MP -MF"Core/Src/main.d" -MT"Core/Src/main.o" --specs=nano.specs -mfpu=fpv4-sp-d16 -mfloat-abi=hard -mthumb -o "Core/Src/main.o"
../Core/Src/main.c: In function 'StartProducer':
../Core/Src/main.c:590:45: warning: passing argument 2 of 'HAL_RNG_GenerateRandomNumber' from incompatible pointer type [-Wincompatible-pointer-types]
  590 |         HAL_RNG_GenerateRandomNumber(&hrng, &randInt);
      |                                             ^~~~~~~~
      |                                             |
      |                                             uint16_t * {aka short unsigned int *}
In file included from ../Core/Inc/stm32f4xx_hal_conf.h:387,
                 from ../Drivers/STM32F4xx_HAL_Driver/Inc/stm32f4xx_hal.h:29,
                 from ../Core/Inc/main.h:30,
                 from ../Core/Src/main.c:20:
../Drivers/STM32F4xx_HAL_Driver/Inc/stm32f4xx_hal_rng.h:305:83: note: expected 'uint32_t *' {aka 'long unsigned int *'} but argument is of type 'uint16_t *' {aka 'short unsigned int *'}
  305 | HAL_StatusTypeDef HAL_RNG_GenerateRandomNumber(RNG_HandleTypeDef *hrng, uint32_t *random32bit);
      |                                                                         ~~~~~~~~~~^~~~~~~~~~~
../Core/Src/main.c: In function 'StartConsumer':
../Core/Src/main.c:625:35: warning: format '%ld' expects argument of type 'long int', but argument 3 has type 'int' [-Wformat=]
  625 |                 sprintf(buffer,"%ld", number);
      |                                 ~~^   ~~~~~~
      |                                   |   |
      |                                   |   int
      |                                   long int
      |                                 %d
../Core/Src/main.c:632:49: warning: format '%ld' expects argument of type 'long int', but argument 3 has type 'int' [-Wformat=]
  632 |                 sprintf(buffer2, "Mittelwert: %ld", mittelwert);
      |                                               ~~^   ~~~~~~~~~~
      |                                                 |   |
      |                                                 |   int
      |                                                 long int
      |                                               %d
arm-none-eabi-gcc -o "TestProject.elf" @"objects.list" D:/daten/Informatik/repos/fah5625/Semester3/INTP/TestProject/Core/Src/display_simple.o  -mcpu=cortex-m4 -T"D:\daten\Informatik\repos\fah5625\Semester3\INTP\TestProject\STM32F407VGTX_FLASH.ld" --specs=nosys.specs -Wl,-Map="TestProject.map" -Wl,--gc-sections -static --specs=nano.specs -mfpu=fpv4-sp-d16 -mfloat-abi=hard -mthumb -u _printf_float -Wl,--start-group -lc -lm -Wl,--end-group
Finished building target: TestProject.elf
 
arm-none-eabi-size  TestProject.elf 
arm-none-eabi-objdump -h -S TestProject.elf  > "TestProject.list"
   text	   data	    bss	    dec	    hex	filename
  68856	  10748	  24644	 104248	  19738	TestProject.elf
Finished building: default.size.stdout
 
Finished building: TestProject.list
 
14:37:31 **** Incremental Build of configuration Debug for project TestProject ****
make -j12 all 
arm-none-eabi-size  TestProject.elf 
   text	   data	    bss	    dec	    hex	filename
  68856	  10748	  24644	 104248	  19738	TestProject.elf
Finished building: default.size.stdout
 
14:38:25 **** Incremental Build of configuration Debug for project TestProject ****
make -j12 all 
arm-none-eabi-gcc "../Core/Src/main.c" -mcpu=cortex-m4 -std=gnu11 -g3 -DDEBUG -DUSE_HAL_DRIVER -DSTM32F407xx -c -I../USB_HOST/App -I../USB_HOST/Target -I../Core/Inc -I../Drivers/STM32F4xx_HAL_Driver/Inc -I../Drivers/STM32F4xx_HAL_Driver/Inc/Legacy -I../Middlewares/ST/STM32_USB_Host_Library/Core/Inc -I../Middlewares/ST/STM32_USB_Host_Library/Class/CDC/Inc -I../Drivers/CMSIS/Device/ST/STM32F4xx/Include -I../Drivers/CMSIS/Include -I../Middlewares/Third_Party/FreeRTOS/Source/include -I../Middlewares/Third_Party/FreeRTOS/Source/portable/GCC/ARM_CM4F -I../Middlewares/Third_Party/FreeRTOS/Source/CMSIS_RTOS_V2 -O0 -ffunction-sections -fdata-sections -Wall -fstack-usage -fcyclomatic-complexity -MMD -MP -MF"Core/Src/main.d" -MT"Core/Src/main.o" --specs=nano.specs -mfpu=fpv4-sp-d16 -mfloat-abi=hard -mthumb -o "Core/Src/main.o"
../Core/Src/main.c: In function 'StartProducer':
../Core/Src/main.c:590:45: warning: passing argument 2 of 'HAL_RNG_GenerateRandomNumber' from incompatible pointer type [-Wincompatible-pointer-types]
  590 |         HAL_RNG_GenerateRandomNumber(&hrng, &randInt);
      |                                             ^~~~~~~~
      |                                             |
      |                                             uint16_t * {aka short unsigned int *}
In file included from ../Core/Inc/stm32f4xx_hal_conf.h:387,
                 from ../Drivers/STM32F4xx_HAL_Driver/Inc/stm32f4xx_hal.h:29,
                 from ../Core/Inc/main.h:30,
                 from ../Core/Src/main.c:20:
../Drivers/STM32F4xx_HAL_Driver/Inc/stm32f4xx_hal_rng.h:305:83: note: expected 'uint32_t *' {aka 'long unsigned int *'} but argument is of type 'uint16_t *' {aka 'short unsigned int *'}
  305 | HAL_StatusTypeDef HAL_RNG_GenerateRandomNumber(RNG_HandleTypeDef *hrng, uint32_t *random32bit);
      |                                                                         ~~~~~~~~~~^~~~~~~~~~~
../Core/Src/main.c: In function 'StartConsumer':
../Core/Src/main.c:625:35: warning: format '%ld' expects argument of type 'long int', but argument 3 has type 'int' [-Wformat=]
  625 |                 sprintf(buffer,"%ld", number);
      |                                 ~~^   ~~~~~~
      |                                   |   |
      |                                   |   int
      |                                   long int
      |                                 %d
../Core/Src/main.c:632:49: warning: format '%ld' expects argument of type 'long int', but argument 3 has type 'int' [-Wformat=]
  632 |                 sprintf(buffer2, "Mittelwert: %ld", mittelwert);
      |                                               ~~^   ~~~~~~~~~~
      |                                                 |   |
      |                                                 |   int
      |                                                 long int
      |                                               %d
arm-none-eabi-gcc -o "TestProject.elf" @"objects.list" D:/daten/Informatik/repos/fah5625/Semester3/INTP/TestProject/Core/Src/display_simple.o  -mcpu=cortex-m4 -T"D:\daten\Informatik\repos\fah5625\Semester3\INTP\TestProject\STM32F407VGTX_FLASH.ld" --specs=nosys.specs -Wl,-Map="TestProject.map" -Wl,--gc-sections -static --specs=nano.specs -mfpu=fpv4-sp-d16 -mfloat-abi=hard -mthumb -u _printf_float -Wl,--start-group -lc -lm -Wl,--end-group
Finished building target: TestProject.elf
 
arm-none-eabi-size  TestProject.elf 
arm-none-eabi-objdump -h -S TestProject.elf  > "TestProject.list"
   text	   data	    bss	    dec	    hex	filename
  68872	  10748	  24644	 104264	  19748	TestProject.elf
Finished building: default.size.stdout
 
Finished building: TestProject.list
 
14:39:39 **** Incremental Build of configuration Debug for project TestProject ****
make -j12 all 
arm-none-eabi-gcc "../Core/Src/main.c" -mcpu=cortex-m4 -std=gnu11 -g3 -DDEBUG -DUSE_HAL_DRIVER -DSTM32F407xx -c -I../USB_HOST/App -I../USB_HOST/Target -I../Core/Inc -I../Drivers/STM32F4xx_HAL_Driver/Inc -I../Drivers/STM32F4xx_HAL_Driver/Inc/Legacy -I../Middlewares/ST/STM32_USB_Host_Library/Core/Inc -I../Middlewares/ST/STM32_USB_Host_Library/Class/CDC/Inc -I../Drivers/CMSIS/Device/ST/STM32F4xx/Include -I../Drivers/CMSIS/Include -I../Middlewares/Third_Party/FreeRTOS/Source/include -I../Middlewares/Third_Party/FreeRTOS/Source/portable/GCC/ARM_CM4F -I../Middlewares/Third_Party/FreeRTOS/Source/CMSIS_RTOS_V2 -O0 -ffunction-sections -fdata-sections -Wall -fstack-usage -fcyclomatic-complexity -MMD -MP -MF"Core/Src/main.d" -MT"Core/Src/main.o" --specs=nano.specs -mfpu=fpv4-sp-d16 -mfloat-abi=hard -mthumb -o "Core/Src/main.o"
../Core/Src/main.c: In function 'StartProducer':
../Core/Src/main.c:590:45: warning: passing argument 2 of 'HAL_RNG_GenerateRandomNumber' from incompatible pointer type [-Wincompatible-pointer-types]
  590 |         HAL_RNG_GenerateRandomNumber(&hrng, &randInt);
      |                                             ^~~~~~~~
      |                                             |
      |                                             uint16_t * {aka short unsigned int *}
In file included from ../Core/Inc/stm32f4xx_hal_conf.h:387,
                 from ../Drivers/STM32F4xx_HAL_Driver/Inc/stm32f4xx_hal.h:29,
                 from ../Core/Inc/main.h:30,
                 from ../Core/Src/main.c:20:
../Drivers/STM32F4xx_HAL_Driver/Inc/stm32f4xx_hal_rng.h:305:83: note: expected 'uint32_t *' {aka 'long unsigned int *'} but argument is of type 'uint16_t *' {aka 'short unsigned int *'}
  305 | HAL_StatusTypeDef HAL_RNG_GenerateRandomNumber(RNG_HandleTypeDef *hrng, uint32_t *random32bit);
      |                                                                         ~~~~~~~~~~^~~~~~~~~~~
../Core/Src/main.c: In function 'StartConsumer':
../Core/Src/main.c:628:49: warning: format '%ld' expects argument of type 'long int', but argument 3 has type 'int' [-Wformat=]
  628 |                 sprintf(buffer2, "Mittelwert: %ld", mittelwert);
      |                                               ~~^   ~~~~~~~~~~
      |                                                 |   |
      |                                                 |   int
      |                                                 long int
      |                                               %d
arm-none-eabi-gcc -o "TestProject.elf" @"objects.list" D:/daten/Informatik/repos/fah5625/Semester3/INTP/TestProject/Core/Src/display_simple.o  -mcpu=cortex-m4 -T"D:\daten\Informatik\repos\fah5625\Semester3\INTP\TestProject\STM32F407VGTX_FLASH.ld" --specs=nosys.specs -Wl,-Map="TestProject.map" -Wl,--gc-sections -static --specs=nano.specs -mfpu=fpv4-sp-d16 -mfloat-abi=hard -mthumb -u _printf_float -Wl,--start-group -lc -lm -Wl,--end-group
Finished building target: TestProject.elf
 
arm-none-eabi-size  TestProject.elf 
arm-none-eabi-objdump -h -S TestProject.elf  > "TestProject.list"
   text	   data	    bss	    dec	    hex	filename
  68824	  10748	  24644	 104216	  19718	TestProject.elf
Finished building: default.size.stdout
 
Finished building: TestProject.list
 
14:41:28 **** Incremental Build of configuration Debug for project TestProject ****
make -j12 all 
arm-none-eabi-gcc "../Core/Src/main.c" -mcpu=cortex-m4 -std=gnu11 -g3 -DDEBUG -DUSE_HAL_DRIVER -DSTM32F407xx -c -I../USB_HOST/App -I../USB_HOST/Target -I../Core/Inc -I../Drivers/STM32F4xx_HAL_Driver/Inc -I../Drivers/STM32F4xx_HAL_Driver/Inc/Legacy -I../Middlewares/ST/STM32_USB_Host_Library/Core/Inc -I../Middlewares/ST/STM32_USB_Host_Library/Class/CDC/Inc -I../Drivers/CMSIS/Device/ST/STM32F4xx/Include -I../Drivers/CMSIS/Include -I../Middlewares/Third_Party/FreeRTOS/Source/include -I../Middlewares/Third_Party/FreeRTOS/Source/portable/GCC/ARM_CM4F -I../Middlewares/Third_Party/FreeRTOS/Source/CMSIS_RTOS_V2 -O0 -ffunction-sections -fdata-sections -Wall -fstack-usage -fcyclomatic-complexity -MMD -MP -MF"Core/Src/main.d" -MT"Core/Src/main.o" --specs=nano.specs -mfpu=fpv4-sp-d16 -mfloat-abi=hard -mthumb -o "Core/Src/main.o"
../Core/Src/main.c: In function 'StartProducer':
../Core/Src/main.c:590:45: warning: passing argument 2 of 'HAL_RNG_GenerateRandomNumber' from incompatible pointer type [-Wincompatible-pointer-types]
  590 |         HAL_RNG_GenerateRandomNumber(&hrng, &randInt);
      |                                             ^~~~~~~~
      |                                             |
      |                                             uint16_t * {aka short unsigned int *}
In file included from ../Core/Inc/stm32f4xx_hal_conf.h:387,
                 from ../Drivers/STM32F4xx_HAL_Driver/Inc/stm32f4xx_hal.h:29,
                 from ../Core/Inc/main.h:30,
                 from ../Core/Src/main.c:20:
../Drivers/STM32F4xx_HAL_Driver/Inc/stm32f4xx_hal_rng.h:305:83: note: expected 'uint32_t *' {aka 'long unsigned int *'} but argument is of type 'uint16_t *' {aka 'short unsigned int *'}
  305 | HAL_StatusTypeDef HAL_RNG_GenerateRandomNumber(RNG_HandleTypeDef *hrng, uint32_t *random32bit);
      |                                                                         ~~~~~~~~~~^~~~~~~~~~~
../Core/Src/main.c:598:53: error: 'mittelwert' undeclared (first use in this function)
  598 |                 sprintf(buffer2, "Mittelwert: %ld", mittelwert);
      |                                                     ^~~~~~~~~~
../Core/Src/main.c:598:53: note: each undeclared identifier is reported only once for each function it appears in
make: *** [Core/Src/subdir.mk:43: Core/Src/main.o] Error 1
"make -j12 all" terminated with exit code 2. Build might be incomplete.
14:41:55 **** Incremental Build of configuration Debug for project TestProject ****
make -j12 all 
arm-none-eabi-gcc "../Core/Src/main.c" -mcpu=cortex-m4 -std=gnu11 -g3 -DDEBUG -DUSE_HAL_DRIVER -DSTM32F407xx -c -I../USB_HOST/App -I../USB_HOST/Target -I../Core/Inc -I../Drivers/STM32F4xx_HAL_Driver/Inc -I../Drivers/STM32F4xx_HAL_Driver/Inc/Legacy -I../Middlewares/ST/STM32_USB_Host_Library/Core/Inc -I../Middlewares/ST/STM32_USB_Host_Library/Class/CDC/Inc -I../Drivers/CMSIS/Device/ST/STM32F4xx/Include -I../Drivers/CMSIS/Include -I../Middlewares/Third_Party/FreeRTOS/Source/include -I../Middlewares/Third_Party/FreeRTOS/Source/portable/GCC/ARM_CM4F -I../Middlewares/Third_Party/FreeRTOS/Source/CMSIS_RTOS_V2 -O0 -ffunction-sections -fdata-sections -Wall -fstack-usage -fcyclomatic-complexity -MMD -MP -MF"Core/Src/main.d" -MT"Core/Src/main.o" --specs=nano.specs -mfpu=fpv4-sp-d16 -mfloat-abi=hard -mthumb -o "Core/Src/main.o"
../Core/Src/main.c: In function 'StartProducer':
../Core/Src/main.c:590:45: warning: passing argument 2 of 'HAL_RNG_GenerateRandomNumber' from incompatible pointer type [-Wincompatible-pointer-types]
  590 |         HAL_RNG_GenerateRandomNumber(&hrng, &randInt);
      |                                             ^~~~~~~~
      |                                             |
      |                                             uint16_t * {aka short unsigned int *}
In file included from ../Core/Inc/stm32f4xx_hal_conf.h:387,
                 from ../Drivers/STM32F4xx_HAL_Driver/Inc/stm32f4xx_hal.h:29,
                 from ../Core/Inc/main.h:30,
                 from ../Core/Src/main.c:20:
../Drivers/STM32F4xx_HAL_Driver/Inc/stm32f4xx_hal_rng.h:305:83: note: expected 'uint32_t *' {aka 'long unsigned int *'} but argument is of type 'uint16_t *' {aka 'short unsigned int *'}
  305 | HAL_StatusTypeDef HAL_RNG_GenerateRandomNumber(RNG_HandleTypeDef *hrng, uint32_t *random32bit);
      |                                                                         ~~~~~~~~~~^~~~~~~~~~~
../Core/Src/main.c:598:49: warning: format '%ld' expects argument of type 'long int', but argument 3 has type 'int' [-Wformat=]
  598 |                 sprintf(buffer2, "Mittelwert: %ld", result);
      |                                               ~~^   ~~~~~~
      |                                                 |   |
      |                                                 |   int
      |                                                 long int
      |                                               %d
arm-none-eabi-gcc -o "TestProject.elf" @"objects.list" D:/daten/Informatik/repos/fah5625/Semester3/INTP/TestProject/Core/Src/display_simple.o  -mcpu=cortex-m4 -T"D:\daten\Informatik\repos\fah5625\Semester3\INTP\TestProject\STM32F407VGTX_FLASH.ld" --specs=nosys.specs -Wl,-Map="TestProject.map" -Wl,--gc-sections -static --specs=nano.specs -mfpu=fpv4-sp-d16 -mfloat-abi=hard -mthumb -u _printf_float -Wl,--start-group -lc -lm -Wl,--end-group
Finished building target: TestProject.elf
 
arm-none-eabi-size  TestProject.elf 
arm-none-eabi-objdump -h -S TestProject.elf  > "TestProject.list"
   text	   data	    bss	    dec	    hex	filename
  68824	  10748	  24644	 104216	  19718	TestProject.elf
Finished building: default.size.stdout
 
Finished building: TestProject.list
 
14:43:02 **** Incremental Build of configuration Debug for project TestProject ****
make -j12 all 
arm-none-eabi-gcc "../Core/Src/main.c" -mcpu=cortex-m4 -std=gnu11 -g3 -DDEBUG -DUSE_HAL_DRIVER -DSTM32F407xx -c -I../USB_HOST/App -I../USB_HOST/Target -I../Core/Inc -I../Drivers/STM32F4xx_HAL_Driver/Inc -I../Drivers/STM32F4xx_HAL_Driver/Inc/Legacy -I../Middlewares/ST/STM32_USB_Host_Library/Core/Inc -I../Middlewares/ST/STM32_USB_Host_Library/Class/CDC/Inc -I../Drivers/CMSIS/Device/ST/STM32F4xx/Include -I../Drivers/CMSIS/Include -I../Middlewares/Third_Party/FreeRTOS/Source/include -I../Middlewares/Third_Party/FreeRTOS/Source/portable/GCC/ARM_CM4F -I../Middlewares/Third_Party/FreeRTOS/Source/CMSIS_RTOS_V2 -O0 -ffunction-sections -fdata-sections -Wall -fstack-usage -fcyclomatic-complexity -MMD -MP -MF"Core/Src/main.d" -MT"Core/Src/main.o" --specs=nano.specs -mfpu=fpv4-sp-d16 -mfloat-abi=hard -mthumb -o "Core/Src/main.o"
../Core/Src/main.c: In function 'StartProducer':
../Core/Src/main.c:590:45: warning: passing argument 2 of 'HAL_RNG_GenerateRandomNumber' from incompatible pointer type [-Wincompatible-pointer-types]
  590 |         HAL_RNG_GenerateRandomNumber(&hrng, &randInt);
      |                                             ^~~~~~~~
      |                                             |
      |                                             uint16_t * {aka short unsigned int *}
In file included from ../Core/Inc/stm32f4xx_hal_conf.h:387,
                 from ../Drivers/STM32F4xx_HAL_Driver/Inc/stm32f4xx_hal.h:29,
                 from ../Core/Inc/main.h:30,
                 from ../Core/Src/main.c:20:
../Drivers/STM32F4xx_HAL_Driver/Inc/stm32f4xx_hal_rng.h:305:83: note: expected 'uint32_t *' {aka 'long unsigned int *'} but argument is of type 'uint16_t *' {aka 'short unsigned int *'}
  305 | HAL_StatusTypeDef HAL_RNG_GenerateRandomNumber(RNG_HandleTypeDef *hrng, uint32_t *random32bit);
      |                                                                         ~~~~~~~~~~^~~~~~~~~~~
../Core/Src/main.c:598:49: warning: format '%ld' expects argument of type 'long int', but argument 3 has type 'int' [-Wformat=]
  598 |                 sprintf(buffer2, "Mittelwert: %ld", result);
      |                                               ~~^   ~~~~~~
      |                                                 |   |
      |                                                 |   int
      |                                                 long int
      |                                               %d
arm-none-eabi-gcc -o "TestProject.elf" @"objects.list" D:/daten/Informatik/repos/fah5625/Semester3/INTP/TestProject/Core/Src/display_simple.o  -mcpu=cortex-m4 -T"D:\daten\Informatik\repos\fah5625\Semester3\INTP\TestProject\STM32F407VGTX_FLASH.ld" --specs=nosys.specs -Wl,-Map="TestProject.map" -Wl,--gc-sections -static --specs=nano.specs -mfpu=fpv4-sp-d16 -mfloat-abi=hard -mthumb -u _printf_float -Wl,--start-group -lc -lm -Wl,--end-group
Finished building target: TestProject.elf
 
arm-none-eabi-size  TestProject.elf 
arm-none-eabi-objdump -h -S TestProject.elf  > "TestProject.list"
   text	   data	    bss	    dec	    hex	filename
  68824	  10748	  24644	 104216	  19718	TestProject.elf
Finished building: default.size.stdout
 
Finished building: TestProject.list
 
